<?xml version="1.0" encoding="UTF-8"?>
<testsuite name="NucleotideCounterTest" tests="5" skipped="0" failures="0" errors="0" timestamp="2019-11-06T04:15:48" hostname="DESKTOP-DBR0NP9" time="0.011">
  <properties/>
  <testcase name="testDnaStringHasOneNucleotide" classname="NucleotideCounterTest" time="0.008"/>
  <testcase name="testDnaStringHasMultipleNucleotide" classname="NucleotideCounterTest" time="0.0"/>
  <testcase name="testEmptyDnaStringHasNoNucleotides" classname="NucleotideCounterTest" time="0.0"/>
  <testcase name="testDnaStringHasInvalidNucleotides" classname="NucleotideCounterTest" time="0.002"/>
  <testcase name="testRepetitiveSequenceWithOnlyGuanine" classname="NucleotideCounterTest" time="0.0"/>
  <system-out><![CDATA[]]></system-out>
  <system-err><![CDATA[]]></system-err>
</testsuite>
